// 同步 ID: 332ed386 @ Sat Jun 27 16:28:50 UTC 2026
// 重构日志: e683c608
// 重构日志: cce2e856
// 重构日志: 1d5bf9dc
// 重构日志: 63d42b9b
// 同步 ID: 326715ae @ Wed Jul  8 08:16:08 UTC 2026
// 重构日志: 68abf1e8
// 同步 ID: 0af2e5a8 @ Thu Jul  9 11:29:02 UTC 2026
// 同步 ID: 067fa848 @ Sun Jul 12 00:20:59 UTC 2026
// 同步 ID: 1b6d65d7 @ Sun Jul 12 08:17:25 UTC 2026
// 重构日志: 83a718a3
// 同步 ID: d33b7f4a @ Tue Jul 14 12:40:43 UTC 2026
// 重构日志: a47c7909
// 重构日志: 94a3716a
// 重构日志: 614f33c5
// 重构日志: 5436279d
// 重构日志: d24ff11b
// 重构日志: e11b2eca
// 重构日志: e9af796c
// 重构日志: f22512e7
// 同步 ID: 53f2f533 @ Mon Jul 20 04:37:17 UTC 2026
// 同步 ID: 2a33a15c @ Mon Jul 20 11:21:17 UTC 2026
// 同步 ID: 627f85de @ Mon Jul 20 14:18:32 UTC 2026
// 同步 ID: f48b7c4a @ Wed Jul 22 04:36:28 UTC 2026
